Release 13.4 - platgen Xilinx EDK 13.4 Build EDK_O.87xd
 (lin64)
Copyright (c) 1995-2011 Xilinx, Inc.  All rights reserved.

Command Line: platgen -p xc5vfx70tff1136-1 -lang vhdl -intstyle default -lp
/home/jupiter/Desktop/ -msg __xps/ise/xmsgprops.lst system.mhs 

Parse /home/jupiter/Desktop/Intrusion_and_Botnet_Detection_Virtex5/system.mhs
...

Read MPD definitions ...

Overriding IP level properties ...
INFO:EDK:4130 - IPNAME: mpmc, INSTANCE:DDR2_SDRAM - tcl is overriding PARAMETER
   C_IODELAY_GRP value to DDR2_SDRAM -
   /opt/Xilinx/13.4/ISE_DS/EDK/hw/XilinxProcessorIPLib/pcores/mpmc_v6_06_a/data/
   mpmc_v2_1_0.mpd line 182 
INFO:EDK:4130 - IPNAME: mpmc, INSTANCE:DDR2_SDRAM - tcl is overriding PARAMETER
   C_USE_MIG_V5_PHY value to 1 -
   /opt/Xilinx/13.4/ISE_DS/EDK/hw/XilinxProcessorIPLib/pcores/mpmc_v6_06_a/data/
   mpmc_v2_1_0.mpd line 217 
INFO:EDK:4130 - IPNAME: mpmc, INSTANCE:DDR2_SDRAM - tcl is overriding PARAMETER
   C_MEM_PART_DATA_DEPTH value to 32 -
   /opt/Xilinx/13.4/ISE_DS/EDK/hw/XilinxProcessorIPLib/pcores/mpmc_v6_06_a/data/
   mpmc_v2_1_0.mpd line 266 
INFO:EDK:4130 - IPNAME: mpmc, INSTANCE:DDR2_SDRAM - tcl is overriding PARAMETER
   C_MEM_PART_DATA_WIDTH value to 16 -
   /opt/Xilinx/13.4/ISE_DS/EDK/hw/XilinxProcessorIPLib/pcores/mpmc_v6_06_a/data/
   mpmc_v2_1_0.mpd line 267 
INFO:EDK:4130 - IPNAME: mpmc, INSTANCE:DDR2_SDRAM - tcl is overriding PARAMETER
   C_MEM_PART_NUM_COL_BITS value to 10 -
   /opt/Xilinx/13.4/ISE_DS/EDK/hw/XilinxProcessorIPLib/pcores/mpmc_v6_06_a/data/
   mpmc_v2_1_0.mpd line 270 
INFO:EDK:4130 - IPNAME: mpmc, INSTANCE:DDR2_SDRAM - tcl is overriding PARAMETER
   C_MEM_PART_TRAS value to 40000 -
   /opt/Xilinx/13.4/ISE_DS/EDK/hw/XilinxProcessorIPLib/pcores/mpmc_v6_06_a/data/
   mpmc_v2_1_0.mpd line 271 
INFO:EDK:4130 - IPNAME: mpmc, INSTANCE:DDR2_SDRAM - tcl is overriding PARAMETER
   C_MEM_PART_TRASMAX value to 70000000 -
   /opt/Xilinx/13.4/ISE_DS/EDK/hw/XilinxProcessorIPLib/pcores/mpmc_v6_06_a/data/
   mpmc_v2_1_0.mpd line 272 
INFO:EDK:4130 - IPNAME: mpmc, INSTANCE:DDR2_SDRAM - tcl is overriding PARAMETER
   C_MEM_PART_TRC value to 55000 -
   /opt/Xilinx/13.4/ISE_DS/EDK/hw/XilinxProcessorIPLib/pcores/mpmc_v6_06_a/data/
   mpmc_v2_1_0.mpd line 273 
INFO:EDK:4130 - IPNAME: mpmc, INSTANCE:DDR2_SDRAM - tcl is overriding PARAMETER
   C_MEM_PART_TRCD value to 15000 -
   /opt/Xilinx/13.4/ISE_DS/EDK/hw/XilinxProcessorIPLib/pcores/mpmc_v6_06_a/data/
   mpmc_v2_1_0.mpd line 274 
INFO:EDK:4130 - IPNAME: mpmc, INSTANCE:DDR2_SDRAM - tcl is overriding PARAMETER
   C_MEM_PART_TWR value to 15000 -
   /opt/Xilinx/13.4/ISE_DS/EDK/hw/XilinxProcessorIPLib/pcores/mpmc_v6_06_a/data/
   mpmc_v2_1_0.mpd line 276 
INFO:EDK:4130 - IPNAME: mpmc, INSTANCE:DDR2_SDRAM - tcl is overriding PARAMETER
   C_MEM_PART_TRP value to 15000 -
   /opt/Xilinx/13.4/ISE_DS/EDK/hw/XilinxProcessorIPLib/pcores/mpmc_v6_06_a/data/
   mpmc_v2_1_0.mpd line 277 
INFO:EDK:4130 - IPNAME: mpmc, INSTANCE:DDR2_SDRAM - tcl is overriding PARAMETER
   C_MEM_PART_TMRD value to 2 -
   /opt/Xilinx/13.4/ISE_DS/EDK/hw/XilinxProcessorIPLib/pcores/mpmc_v6_06_a/data/
   mpmc_v2_1_0.mpd line 278 
INFO:EDK:4130 - IPNAME: mpmc, INSTANCE:DDR2_SDRAM - tcl is overriding PARAMETER
   C_MEM_PART_TRRD value to 10000 -
   /opt/Xilinx/13.4/ISE_DS/EDK/hw/XilinxProcessorIPLib/pcores/mpmc_v6_06_a/data/
   mpmc_v2_1_0.mpd line 279 
INFO:EDK:4130 - IPNAME: mpmc, INSTANCE:DDR2_SDRAM - tcl is overriding PARAMETER
   C_MEM_PART_TRFC value to 105000 -
   /opt/Xilinx/13.4/ISE_DS/EDK/hw/XilinxProcessorIPLib/pcores/mpmc_v6_06_a/data/
   mpmc_v2_1_0.mpd line 280 
INFO:EDK:4130 - IPNAME: mpmc, INSTANCE:DDR2_SDRAM - tcl is overriding PARAMETER
   C_MEM_PART_TREFI value to 7800000 -
   /opt/Xilinx/13.4/ISE_DS/EDK/hw/XilinxProcessorIPLib/pcores/mpmc_v6_06_a/data/
   mpmc_v2_1_0.mpd line 281 
INFO:EDK:4130 - IPNAME: mpmc, INSTANCE:DDR2_SDRAM - tcl is overriding PARAMETER
   C_MEM_PART_TCCD value to 2 -
   /opt/Xilinx/13.4/ISE_DS/EDK/hw/XilinxProcessorIPLib/pcores/mpmc_v6_06_a/data/
   mpmc_v2_1_0.mpd line 283 
INFO:EDK:4130 - IPNAME: mpmc, INSTANCE:DDR2_SDRAM - tcl is overriding PARAMETER
   C_MEM_PART_TWTR value to 7500 -
   /opt/Xilinx/13.4/ISE_DS/EDK/hw/XilinxProcessorIPLib/pcores/mpmc_v6_06_a/data/
   mpmc_v2_1_0.mpd line 284 
INFO:EDK:4130 - IPNAME: mpmc, INSTANCE:DDR2_SDRAM - tcl is overriding PARAMETER
   C_MEM_PART_CAS_A_FMAX value to 200 -
   /opt/Xilinx/13.4/ISE_DS/EDK/hw/XilinxProcessorIPLib/pcores/mpmc_v6_06_a/data/
   mpmc_v2_1_0.mpd line 290 
INFO:EDK:4130 - IPNAME: mpmc, INSTANCE:DDR2_SDRAM - tcl is overriding PARAMETER
   C_MEM_PART_CAS_A value to 3 -
   /opt/Xilinx/13.4/ISE_DS/EDK/hw/XilinxProcessorIPLib/pcores/mpmc_v6_06_a/data/
   mpmc_v2_1_0.mpd line 291 
INFO:EDK:4130 - IPNAME: mpmc, INSTANCE:DDR2_SDRAM - tcl is overriding PARAMETER
   C_MEM_PART_CAS_B_FMAX value to 266 -
   /opt/Xilinx/13.4/ISE_DS/EDK/hw/XilinxProcessorIPLib/pcores/mpmc_v6_06_a/data/
   mpmc_v2_1_0.mpd line 292 
INFO:EDK:4130 - IPNAME: mpmc, INSTANCE:DDR2_SDRAM - tcl is overriding PARAMETER
   C_MEM_PART_CAS_B value to 4 -
   /opt/Xilinx/13.4/ISE_DS/EDK/hw/XilinxProcessorIPLib/pcores/mpmc_v6_06_a/data/
   mpmc_v2_1_0.mpd line 293 

Computing clock values...

Performing IP level DRCs on properties...

Running DRC Tcl procedures for OPTION IPLEVEL_DRC_PROC...
Address Map for Processor ppc440_0
  (0b0000000000-0b0011111111) ppc440_0	
  (0000000000-0x0fffffff) DDR2_SDRAM	ppc440_0_PPC440MC0
  (0x81800000-0x8180ffff) xps_intc_0	plb
  (0x84000000-0x8400ffff) RS232_Uart_1	plb
  (0xc2800000-0xc280ffff) hardorb_fpga_0	plb
  (0xcc600000-0xcc60ffff) measurtool_0	plb
  (0xfffc0000-0xffffffff) xps_bram_if_cntlr_1	plb
INFO:EDK:4087 - IPNAME: hardorb_fpga, INSTANCE: hardorb_fpga_0 - This design
   requires design constraints to guarantee performance.
   Please refer to the data sheet for details.  
   The PLB clock frequency must be greater than or equal to 50 MHz for 100 Mbs
   Ethernet operation and greater than or equal to 5.0 MHz for 10 Mbs Ethernet
   operation. -
   /home/jupiter/Desktop/Intrusion_and_Botnet_Detection_Virtex5/system.mhs line
   229
INFO:EDK:4130 - IPNAME: plb_v46, INSTANCE:plb - tool is overriding PARAMETER
   C_PLBV46_NUM_MASTERS value to 1 -
   /opt/Xilinx/13.4/ISE_DS/EDK/hw/XilinxProcessorIPLib/pcores/plb_v46_v1_05_a/da
   ta/plb_v46_v2_1_0.mpd line 78 
INFO:EDK:4130 - IPNAME: plb_v46, INSTANCE:plb - tool is overriding PARAMETER
   C_PLBV46_NUM_SLAVES value to 5 -
   /opt/Xilinx/13.4/ISE_DS/EDK/hw/XilinxProcessorIPLib/pcores/plb_v46_v1_05_a/da
   ta/plb_v46_v2_1_0.mpd line 79 
INFO:EDK:4130 - IPNAME: plb_v46, INSTANCE:plb - tool is overriding PARAMETER
   C_PLBV46_MID_WIDTH value to 1 -
   /opt/Xilinx/13.4/ISE_DS/EDK/hw/XilinxProcessorIPLib/pcores/plb_v46_v1_05_a/da
   ta/plb_v46_v2_1_0.mpd line 80 
INFO:EDK:4130 - IPNAME: plb_v46, INSTANCE:plb - tool is overriding PARAMETER
   C_PLBV46_DWIDTH value to 128 -
   /opt/Xilinx/13.4/ISE_DS/EDK/hw/XilinxProcessorIPLib/pcores/plb_v46_v1_05_a/da
   ta/plb_v46_v2_1_0.mpd line 82 
INFO:EDK:4130 - IPNAME: xps_bram_if_cntlr, INSTANCE:xps_bram_if_cntlr_1 - tool
   is overriding PARAMETER C_SPLB_DWIDTH value to 128 -
   /opt/Xilinx/13.4/ISE_DS/EDK/hw/XilinxProcessorIPLib/pcores/xps_bram_if_cntlr_
   v1_00_b/data/xps_bram_if_cntlr_v2_1_0.mpd line 82 
INFO:EDK:4130 - IPNAME: xps_bram_if_cntlr, INSTANCE:xps_bram_if_cntlr_1 - tool
   is overriding PARAMETER C_SPLB_NUM_MASTERS value to 1 -
   /opt/Xilinx/13.4/ISE_DS/EDK/hw/XilinxProcessorIPLib/pcores/xps_bram_if_cntlr_
   v1_00_b/data/xps_bram_if_cntlr_v2_1_0.mpd line 83 
INFO:EDK:4130 - IPNAME: xps_bram_if_cntlr, INSTANCE:xps_bram_if_cntlr_1 - tool
   is overriding PARAMETER C_SPLB_SMALLEST_MASTER value to 128 -
   /opt/Xilinx/13.4/ISE_DS/EDK/hw/XilinxProcessorIPLib/pcores/xps_bram_if_cntlr_
   v1_00_b/data/xps_bram_if_cntlr_v2_1_0.mpd line 87 
INFO:EDK:4130 - IPNAME: bram_block, INSTANCE:xps_bram_if_cntlr_1_bram - tool is
   overriding PARAMETER C_MEMSIZE value to 0x40000 -
   /opt/Xilinx/13.4/ISE_DS/EDK/hw/XilinxProcessorIPLib/pcores/bram_block_v1_00_a
   /data/bram_block_v2_1_0.mpd line 76 
INFO:EDK:4130 - IPNAME: bram_block, INSTANCE:xps_bram_if_cntlr_1_bram - tool is
   overriding PARAMETER C_PORT_DWIDTH value to 64 -
   /opt/Xilinx/13.4/ISE_DS/EDK/hw/XilinxProcessorIPLib/pcores/bram_block_v1_00_a
   /data/bram_block_v2_1_0.mpd line 77 
INFO:EDK:4130 - IPNAME: bram_block, INSTANCE:xps_bram_if_cntlr_1_bram - tool is
   overriding PARAMETER C_NUM_WE value to 8 -
   /opt/Xilinx/13.4/ISE_DS/EDK/hw/XilinxProcessorIPLib/pcores/bram_block_v1_00_a
   /data/bram_block_v2_1_0.mpd line 79 
INFO:EDK:4130 - IPNAME: xps_uartlite, INSTANCE:RS232_Uart_1 - tool is overriding
   PARAMETER C_SPLB_DWIDTH value to 128 -
   /opt/Xilinx/13.4/ISE_DS/EDK/hw/XilinxProcessorIPLib/pcores/xps_uartlite_v1_02
   _a/data/xps_uartlite_v2_1_0.mpd line 80 
INFO:EDK:4130 - IPNAME: xps_intc, INSTANCE:xps_intc_0 - tool is overriding
   PARAMETER C_SPLB_DWIDTH value to 128 -
   /opt/Xilinx/13.4/ISE_DS/EDK/hw/XilinxProcessorIPLib/pcores/xps_intc_v2_01_a/d
   ata/xps_intc_v2_1_0.mpd line 80 
INFO:EDK:4130 - IPNAME: hardorb_fpga, INSTANCE:hardorb_fpga_0 - tool is
   overriding PARAMETER C_SPLB_DWIDTH value to 128 -
   /home/jupiter/Desktop/Intrusion_and_Botnet_Detection_Virtex5/pcores/hardorb_f
   pga_v3_01_a/data/hardorb_fpga_v2_1_0.mpd line 106 
INFO:EDK:4130 - IPNAME: hardorb_fpga, INSTANCE:hardorb_fpga_0 - tool is
   overriding PARAMETER C_SPLB_SMALLEST_MASTER value to 128 -
   /home/jupiter/Desktop/Intrusion_and_Botnet_Detection_Virtex5/pcores/hardorb_f
   pga_v3_01_a/data/hardorb_fpga_v2_1_0.mpd line 111 
INFO:EDK:4130 - IPNAME: measurtool, INSTANCE:measurtool_0 - tool is overriding
   PARAMETER C_SPLB_NUM_MASTERS value to 1 -
   /home/jupiter/Desktop/Intrusion_and_Botnet_Detection_Virtex5/pcores/measurtoo
   l_v1_00_a/data/measurtool_v2_1_0.mpd line 33 
INFO:EDK:4130 - IPNAME: measurtool, INSTANCE:measurtool_0 - tool is overriding
   PARAMETER C_SPLB_MID_WIDTH value to 1 -
   /home/jupiter/Desktop/Intrusion_and_Botnet_Detection_Virtex5/pcores/measurtoo
   l_v1_00_a/data/measurtool_v2_1_0.mpd line 34 
INFO:EDK:4130 - IPNAME: measurtool, INSTANCE:measurtool_0 - tool is overriding
   PARAMETER C_SPLB_SMALLEST_MASTER value to 128 -
   /home/jupiter/Desktop/Intrusion_and_Botnet_Detection_Virtex5/pcores/measurtoo
   l_v1_00_a/data/measurtool_v2_1_0.mpd line 38 

Checking platform address map ...

Checking platform configuration ...
IPNAME: plb_v46, INSTANCE: plb - 1 master(s) : 5 slave(s) 

Checking port drivers...
WARNING:EDK:4181 - PORT: PPCEICINTERCONNECTIRQ, CONNECTOR:
   ppc440_0_PPCEICINTERCONNECTIRQ - floating connection -
   /home/jupiter/Desktop/Intrusion_and_Botnet_Detection_Virtex5/system.mhs line
   70 

Performing Clock DRCs...

Performing Reset DRCs...

Overriding system level properties...
INFO:EDK:4130 - IPNAME: ppc440_virtex5, INSTANCE:ppc440_0 - tcl is overriding
   PARAMETER C_PPC440MC_ADDR_BASE value to 0x00000000 -
   /opt/Xilinx/13.4/ISE_DS/EDK/hw/XilinxProcessorIPLib/pcores/ppc440_virtex5_v1_
   01_a/data/ppc440_virtex5_v2_1_0.mpd line 131 
INFO:EDK:4130 - IPNAME: ppc440_virtex5, INSTANCE:ppc440_0 - tcl is overriding
   PARAMETER C_PPC440MC_ADDR_HIGH value to 0x0fffffff -
   /opt/Xilinx/13.4/ISE_DS/EDK/hw/XilinxProcessorIPLib/pcores/ppc440_virtex5_v1_
   01_a/data/ppc440_virtex5_v2_1_0.mpd line 132 
INFO:EDK:4130 - IPNAME: mpmc, INSTANCE:DDR2_SDRAM - tcl is overriding PARAMETER
   C_PIM0_SUBTYPE value to PPC440MC -
   /opt/Xilinx/13.4/ISE_DS/EDK/hw/XilinxProcessorIPLib/pcores/mpmc_v6_06_a/data/
   mpmc_v2_1_0.mpd line 356 
INFO:EDK:4130 - IPNAME: mpmc, INSTANCE:DDR2_SDRAM - tcl is overriding PARAMETER
   C_PIM0_B_SUBTYPE value to PPC440MC -
   /opt/Xilinx/13.4/ISE_DS/EDK/hw/XilinxProcessorIPLib/pcores/mpmc_v6_06_a/data/
   mpmc_v2_1_0.mpd line 361 
INFO:EDK:4130 - IPNAME: mpmc, INSTANCE:DDR2_SDRAM - tcl is overriding PARAMETER
   C_PIM1_SUBTYPE value to NPI -
   /opt/Xilinx/13.4/ISE_DS/EDK/hw/XilinxProcessorIPLib/pcores/mpmc_v6_06_a/data/
   mpmc_v2_1_0.mpd line 407 
INFO:EDK:4130 - IPNAME: mpmc, INSTANCE:DDR2_SDRAM - tcl is overriding PARAMETER
   C_PIM1_B_SUBTYPE value to NPI -
   /opt/Xilinx/13.4/ISE_DS/EDK/hw/XilinxProcessorIPLib/pcores/mpmc_v6_06_a/data/
   mpmc_v2_1_0.mpd line 412 
INFO:EDK:4130 - IPNAME: mpmc, INSTANCE:DDR2_SDRAM - tcl is overriding PARAMETER
   C_PIM2_SUBTYPE value to VFBC -
   /opt/Xilinx/13.4/ISE_DS/EDK/hw/XilinxProcessorIPLib/pcores/mpmc_v6_06_a/data/
   mpmc_v2_1_0.mpd line 458 
INFO:EDK:4130 - IPNAME: mpmc, INSTANCE:DDR2_SDRAM - tcl is overriding PARAMETER
   C_PIM2_B_SUBTYPE value to VFBC -
   /opt/Xilinx/13.4/ISE_DS/EDK/hw/XilinxProcessorIPLib/pcores/mpmc_v6_06_a/data/
   mpmc_v2_1_0.mpd line 463 
INFO:EDK:4130 - IPNAME: mpmc, INSTANCE:DDR2_SDRAM - tcl is overriding PARAMETER
   C_TWR value to 15000 -
   /opt/Xilinx/13.4/ISE_DS/EDK/hw/XilinxProcessorIPLib/pcores/mpmc_v6_06_a/data/
   mpmc_v2_1_0.mpd line 769 
INFO:EDK:4130 - IPNAME: mpmc, INSTANCE:DDR2_SDRAM - tcl is overriding PARAMETER
   C_CTRL_IS_WRITE_INDEX value to 1 -
   /opt/Xilinx/13.4/ISE_DS/EDK/hw/XilinxProcessorIPLib/pcores/mpmc_v6_06_a/data/
   mpmc_v2_1_0.mpd line 771 
INFO:EDK:4130 - IPNAME: mpmc, INSTANCE:DDR2_SDRAM - tcl is overriding PARAMETER
   C_CTRL_PHYIF_RAS_N_INDEX value to 2 -
   /opt/Xilinx/13.4/ISE_DS/EDK/hw/XilinxProcessorIPLib/pcores/mpmc_v6_06_a/data/
   mpmc_v2_1_0.mpd line 772 
INFO:EDK:4130 - IPNAME: mpmc, INSTANCE:DDR2_SDRAM - tcl is overriding PARAMETER
   C_CTRL_PHYIF_CAS_N_INDEX value to 3 -
   /opt/Xilinx/13.4/ISE_DS/EDK/hw/XilinxProcessorIPLib/pcores/mpmc_v6_06_a/data/
   mpmc_v2_1_0.mpd line 773 
INFO:EDK:4130 - IPNAME: mpmc, INSTANCE:DDR2_SDRAM - tcl is overriding PARAMETER
   C_CTRL_PHYIF_WE_N_INDEX value to 4 -
   /opt/Xilinx/13.4/ISE_DS/EDK/hw/XilinxProcessorIPLib/pcores/mpmc_v6_06_a/data/
   mpmc_v2_1_0.mpd line 774 
INFO:EDK:4130 - IPNAME: mpmc, INSTANCE:DDR2_SDRAM - tcl is overriding PARAMETER
   C_CTRL_RMW_INDEX value to 6 -
   /opt/Xilinx/13.4/ISE_DS/EDK/hw/XilinxProcessorIPLib/pcores/mpmc_v6_06_a/data/
   mpmc_v2_1_0.mpd line 775 
INFO:EDK:4130 - IPNAME: mpmc, INSTANCE:DDR2_SDRAM - tcl is overriding PARAMETER
   C_CTRL_SKIP_0_INDEX value to 7 -
   /opt/Xilinx/13.4/ISE_DS/EDK/hw/XilinxProcessorIPLib/pcores/mpmc_v6_06_a/data/
   mpmc_v2_1_0.mpd line 776 
INFO:EDK:4130 - IPNAME: mpmc, INSTANCE:DDR2_SDRAM - tcl is overriding PARAMETER
   C_CTRL_PHYIF_DQS_O_INDEX value to 8 -
   /opt/Xilinx/13.4/ISE_DS/EDK/hw/XilinxProcessorIPLib/pcores/mpmc_v6_06_a/data/
   mpmc_v2_1_0.mpd line 777 
INFO:EDK:4130 - IPNAME: mpmc, INSTANCE:DDR2_SDRAM - tcl is overriding PARAMETER
   C_CTRL_SKIP_1_INDEX value to 9 -
   /opt/Xilinx/13.4/ISE_DS/EDK/hw/XilinxProcessorIPLib/pcores/mpmc_v6_06_a/data/
   mpmc_v2_1_0.mpd line 778 
INFO:EDK:4130 - IPNAME: mpmc, INSTANCE:DDR2_SDRAM - tcl is overriding PARAMETER
   C_CTRL_DP_RDFIFO_PUSH_INDEX value to 10 -
   /opt/Xilinx/13.4/ISE_DS/EDK/hw/XilinxProcessorIPLib/pcores/mpmc_v6_06_a/data/
   mpmc_v2_1_0.mpd line 779 
INFO:EDK:4130 - IPNAME: mpmc, INSTANCE:DDR2_SDRAM - tcl is overriding PARAMETER
   C_CTRL_SKIP_2_INDEX value to 11 -
   /opt/Xilinx/13.4/ISE_DS/EDK/hw/XilinxProcessorIPLib/pcores/mpmc_v6_06_a/data/
   mpmc_v2_1_0.mpd line 780 
INFO:EDK:4130 - IPNAME: mpmc, INSTANCE:DDR2_SDRAM - tcl is overriding PARAMETER
   C_CTRL_AP_COL_CNT_LOAD_INDEX value to 12 -
   /opt/Xilinx/13.4/ISE_DS/EDK/hw/XilinxProcessorIPLib/pcores/mpmc_v6_06_a/data/
   mpmc_v2_1_0.mpd line 781 
INFO:EDK:4130 - IPNAME: mpmc, INSTANCE:DDR2_SDRAM - tcl is overriding PARAMETER
   C_CTRL_AP_COL_CNT_ENABLE_INDEX value to 13 -
   /opt/Xilinx/13.4/ISE_DS/EDK/hw/XilinxProcessorIPLib/pcores/mpmc_v6_06_a/data/
   mpmc_v2_1_0.mpd line 782 
INFO:EDK:4130 - IPNAME: mpmc, INSTANCE:DDR2_SDRAM - tcl is overriding PARAMETER
   C_CTRL_AP_PRECHARGE_ADDR10_INDEX value to 14 -
   /opt/Xilinx/13.4/ISE_DS/EDK/hw/XilinxProcessorIPLib/pcores/mpmc_v6_06_a/data/
   mpmc_v2_1_0.mpd line 783 
INFO:EDK:4130 - IPNAME: mpmc, INSTANCE:DDR2_SDRAM - tcl is overriding PARAMETER
   C_CTRL_AP_ROW_COL_SEL_INDEX value to 15 -
   /opt/Xilinx/13.4/ISE_DS/EDK/hw/XilinxProcessorIPLib/pcores/mpmc_v6_06_a/data/
   mpmc_v2_1_0.mpd line 784 
INFO:EDK:4130 - IPNAME: mpmc, INSTANCE:DDR2_SDRAM - tcl is overriding PARAMETER
   C_CTRL_PHYIF_FORCE_DM_INDEX value to 16 -
   /opt/Xilinx/13.4/ISE_DS/EDK/hw/XilinxProcessorIPLib/pcores/mpmc_v6_06_a/data/
   mpmc_v2_1_0.mpd line 785 
INFO:EDK:4130 - IPNAME: mpmc, INSTANCE:DDR2_SDRAM - tcl is overriding PARAMETER
   C_CTRL_REPEAT4_INDEX value to 17 -
   /opt/Xilinx/13.4/ISE_DS/EDK/hw/XilinxProcessorIPLib/pcores/mpmc_v6_06_a/data/
   mpmc_v2_1_0.mpd line 786 
INFO:EDK:4130 - IPNAME: mpmc, INSTANCE:DDR2_SDRAM - tcl is overriding PARAMETER
   C_CTRL_ARB_RDMODWR_DELAY value to 3 -
   /opt/Xilinx/13.4/ISE_DS/EDK/hw/XilinxProcessorIPLib/pcores/mpmc_v6_06_a/data/
   mpmc_v2_1_0.mpd line 797 
INFO:EDK:4130 - IPNAME: mpmc, INSTANCE:DDR2_SDRAM - tcl is overriding PARAMETER
   C_CTRL_AP_COL_DELAY value to 1 -
   /opt/Xilinx/13.4/ISE_DS/EDK/hw/XilinxProcessorIPLib/pcores/mpmc_v6_06_a/data/
   mpmc_v2_1_0.mpd line 798 
INFO:EDK:4130 - IPNAME: mpmc, INSTANCE:DDR2_SDRAM - tcl is overriding PARAMETER
   C_CTRL_DP_LOAD_RDWDADDR_DELAY value to 2 -
   /opt/Xilinx/13.4/ISE_DS/EDK/hw/XilinxProcessorIPLib/pcores/mpmc_v6_06_a/data/
   mpmc_v2_1_0.mpd line 802 
INFO:EDK:4130 - IPNAME: mpmc, INSTANCE:DDR2_SDRAM - tcl is overriding PARAMETER
   C_CTRL_DP_RDFIFO_WHICHPORT_DELAY value to 12 -
   /opt/Xilinx/13.4/ISE_DS/EDK/hw/XilinxProcessorIPLib/pcores/mpmc_v6_06_a/data/
   mpmc_v2_1_0.mpd line 803 
INFO:EDK:4130 - IPNAME: mpmc, INSTANCE:DDR2_SDRAM - tcl is overriding PARAMETER
   C_CTRL_DP_SIZE_DELAY value to 2 -
   /opt/Xilinx/13.4/ISE_DS/EDK/hw/XilinxProcessorIPLib/pcores/mpmc_v6_06_a/data/
   mpmc_v2_1_0.mpd line 804 
INFO:EDK:4130 - IPNAME: mpmc, INSTANCE:DDR2_SDRAM - tcl is overriding PARAMETER
   C_CTRL_DP_WRFIFO_WHICHPORT_DELAY value to 4 -
   /opt/Xilinx/13.4/ISE_DS/EDK/hw/XilinxProcessorIPLib/pcores/mpmc_v6_06_a/data/
   mpmc_v2_1_0.mpd line 805 
INFO:EDK:4130 - IPNAME: mpmc, INSTANCE:DDR2_SDRAM - tcl is overriding PARAMETER
   C_CTRL_PHYIF_DUMMYREADSTART_DELAY value to 5 -
   /opt/Xilinx/13.4/ISE_DS/EDK/hw/XilinxProcessorIPLib/pcores/mpmc_v6_06_a/data/
   mpmc_v2_1_0.mpd line 806 
INFO:EDK:4130 - IPNAME: mpmc, INSTANCE:DDR2_SDRAM - tcl is overriding PARAMETER
   C_CTRL_Q0_DELAY value to 1 -
   /opt/Xilinx/13.4/ISE_DS/EDK/hw/XilinxProcessorIPLib/pcores/mpmc_v6_06_a/data/
   mpmc_v2_1_0.mpd line 807 
INFO:EDK:4130 - IPNAME: mpmc, INSTANCE:DDR2_SDRAM - tcl is overriding PARAMETER
   C_CTRL_Q1_DELAY value to 1 -
   /opt/Xilinx/13.4/ISE_DS/EDK/hw/XilinxProcessorIPLib/pcores/mpmc_v6_06_a/data/
   mpmc_v2_1_0.mpd line 808 
INFO:EDK:4130 - IPNAME: mpmc, INSTANCE:DDR2_SDRAM - tcl is overriding PARAMETER
   C_CTRL_Q2_DELAY value to 2 -
   /opt/Xilinx/13.4/ISE_DS/EDK/hw/XilinxProcessorIPLib/pcores/mpmc_v6_06_a/data/
   mpmc_v2_1_0.mpd line 809 
INFO:EDK:4130 - IPNAME: mpmc, INSTANCE:DDR2_SDRAM - tcl is overriding PARAMETER
   C_CTRL_Q3_DELAY value to 2 -
   /opt/Xilinx/13.4/ISE_DS/EDK/hw/XilinxProcessorIPLib/pcores/mpmc_v6_06_a/data/
   mpmc_v2_1_0.mpd line 810 
INFO:EDK:4130 - IPNAME: mpmc, INSTANCE:DDR2_SDRAM - tcl is overriding PARAMETER
   C_CTRL_Q4_DELAY value to 2 -
   /opt/Xilinx/13.4/ISE_DS/EDK/hw/XilinxProcessorIPLib/pcores/mpmc_v6_06_a/data/
   mpmc_v2_1_0.mpd line 811 
INFO:EDK:4130 - IPNAME: mpmc, INSTANCE:DDR2_SDRAM - tcl is overriding PARAMETER
   C_CTRL_Q6_DELAY value to 5 -
   /opt/Xilinx/13.4/ISE_DS/EDK/hw/XilinxProcessorIPLib/pcores/mpmc_v6_06_a/data/
   mpmc_v2_1_0.mpd line 813 
INFO:EDK:4130 - IPNAME: mpmc, INSTANCE:DDR2_SDRAM - tcl is overriding PARAMETER
   C_CTRL_Q7_DELAY value to 1 -
   /opt/Xilinx/13.4/ISE_DS/EDK/hw/XilinxProcessorIPLib/pcores/mpmc_v6_06_a/data/
   mpmc_v2_1_0.mpd line 814 
INFO:EDK:4130 - IPNAME: mpmc, INSTANCE:DDR2_SDRAM - tcl is overriding PARAMETER
   C_CTRL_Q8_DELAY value to 3 -
   /opt/Xilinx/13.4/ISE_DS/EDK/hw/XilinxProcessorIPLib/pcores/mpmc_v6_06_a/data/
   mpmc_v2_1_0.mpd line 815 
INFO:EDK:4130 - IPNAME: mpmc, INSTANCE:DDR2_SDRAM - tcl is overriding PARAMETER
   C_CTRL_Q9_DELAY value to 1 -
   /opt/Xilinx/13.4/ISE_DS/EDK/hw/XilinxProcessorIPLib/pcores/mpmc_v6_06_a/data/
   mpmc_v2_1_0.mpd line 816 
INFO:EDK:4130 - IPNAME: mpmc, INSTANCE:DDR2_SDRAM - tcl is overriding PARAMETER
   C_CTRL_Q10_DELAY value to 2 -
   /opt/Xilinx/13.4/ISE_DS/EDK/hw/XilinxProcessorIPLib/pcores/mpmc_v6_06_a/data/
   mpmc_v2_1_0.mpd line 817 
INFO:EDK:4130 - IPNAME: mpmc, INSTANCE:DDR2_SDRAM - tcl is overriding PARAMETER
   C_CTRL_Q11_DELAY value to 1 -
   /opt/Xilinx/13.4/ISE_DS/EDK/hw/XilinxProcessorIPLib/pcores/mpmc_v6_06_a/data/
   mpmc_v2_1_0.mpd line 818 
INFO:EDK:4130 - IPNAME: mpmc, INSTANCE:DDR2_SDRAM - tcl is overriding PARAMETER
   C_CTRL_Q12_DELAY value to 1 -
   /opt/Xilinx/13.4/ISE_DS/EDK/hw/XilinxProcessorIPLib/pcores/mpmc_v6_06_a/data/
   mpmc_v2_1_0.mpd line 819 
INFO:EDK:4130 - IPNAME: mpmc, INSTANCE:DDR2_SDRAM - tcl is overriding PARAMETER
   C_CTRL_Q13_DELAY value to 1 -
   /opt/Xilinx/13.4/ISE_DS/EDK/hw/XilinxProcessorIPLib/pcores/mpmc_v6_06_a/data/
   mpmc_v2_1_0.mpd line 820 
INFO:EDK:4130 - IPNAME: mpmc, INSTANCE:DDR2_SDRAM - tcl is overriding PARAMETER
   C_CTRL_Q14_DELAY value to 1 -
   /opt/Xilinx/13.4/ISE_DS/EDK/hw/XilinxProcessorIPLib/pcores/mpmc_v6_06_a/data/
   mpmc_v2_1_0.mpd line 821 
INFO:EDK:4130 - IPNAME: mpmc, INSTANCE:DDR2_SDRAM - tcl is overriding PARAMETER
   C_CTRL_Q15_DELAY value to 1 -
   /opt/Xilinx/13.4/ISE_DS/EDK/hw/XilinxProcessorIPLib/pcores/mpmc_v6_06_a/data/
   mpmc_v2_1_0.mpd line 822 
INFO:EDK:4130 - IPNAME: mpmc, INSTANCE:DDR2_SDRAM - tcl is overriding PARAMETER
   C_CTRL_Q16_DELAY value to 1 -
   /opt/Xilinx/13.4/ISE_DS/EDK/hw/XilinxProcessorIPLib/pcores/mpmc_v6_06_a/data/
   mpmc_v2_1_0.mpd line 823 
INFO:EDK:4130 - IPNAME: mpmc, INSTANCE:DDR2_SDRAM - tcl is overriding PARAMETER
   C_CTRL_Q17_DELAY value to 1 -
   /opt/Xilinx/13.4/ISE_DS/EDK/hw/XilinxProcessorIPLib/pcores/mpmc_v6_06_a/data/
   mpmc_v2_1_0.mpd line 824 
INFO:EDK:4130 - IPNAME: mpmc, INSTANCE:DDR2_SDRAM - tcl is overriding PARAMETER
   C_SKIP_1_VALUE value to 0x001 -
   /opt/Xilinx/13.4/ISE_DS/EDK/hw/XilinxProcessorIPLib/pcores/mpmc_v6_06_a/data/
   mpmc_v2_1_0.mpd line 843 
INFO:EDK:4130 - IPNAME: mpmc, INSTANCE:DDR2_SDRAM - tcl is overriding PARAMETER
   C_SKIP_2_VALUE value to 0x001 -
   /opt/Xilinx/13.4/ISE_DS/EDK/hw/XilinxProcessorIPLib/pcores/mpmc_v6_06_a/data/
   mpmc_v2_1_0.mpd line 844 
INFO:EDK:4130 - IPNAME: mpmc, INSTANCE:DDR2_SDRAM - tcl is overriding PARAMETER
   C_SKIP_3_VALUE value to 0x001 -
   /opt/Xilinx/13.4/ISE_DS/EDK/hw/XilinxProcessorIPLib/pcores/mpmc_v6_06_a/data/
   mpmc_v2_1_0.mpd line 845 
INFO:EDK:4130 - IPNAME: mpmc, INSTANCE:DDR2_SDRAM - tcl is overriding PARAMETER
   C_SKIP_4_VALUE value to 0x001 -
   /opt/Xilinx/13.4/ISE_DS/EDK/hw/XilinxProcessorIPLib/pcores/mpmc_v6_06_a/data/
   mpmc_v2_1_0.mpd line 846 
INFO:EDK:4130 - IPNAME: mpmc, INSTANCE:DDR2_SDRAM - tcl is overriding PARAMETER
   C_SKIP_5_VALUE value to 0x001 -
   /opt/Xilinx/13.4/ISE_DS/EDK/hw/XilinxProcessorIPLib/pcores/mpmc_v6_06_a/data/
   mpmc_v2_1_0.mpd line 847 
INFO:EDK:4130 - IPNAME: mpmc, INSTANCE:DDR2_SDRAM - tcl is overriding PARAMETER
   C_SKIP_6_VALUE value to 0x001 -
   /opt/Xilinx/13.4/ISE_DS/EDK/hw/XilinxProcessorIPLib/pcores/mpmc_v6_06_a/data/
   mpmc_v2_1_0.mpd line 848 
INFO:EDK:4130 - IPNAME: mpmc, INSTANCE:DDR2_SDRAM - tcl is overriding PARAMETER
   C_SKIP_7_VALUE value to 0x001 -
   /opt/Xilinx/13.4/ISE_DS/EDK/hw/XilinxProcessorIPLib/pcores/mpmc_v6_06_a/data/
   mpmc_v2_1_0.mpd line 849 
INFO:EDK:4130 - IPNAME: mpmc, INSTANCE:DDR2_SDRAM - tcl is overriding PARAMETER
   C_B64_REPEAT_CNT value to 2 -
   /opt/Xilinx/13.4/ISE_DS/EDK/hw/XilinxProcessorIPLib/pcores/mpmc_v6_06_a/data/
   mpmc_v2_1_0.mpd line 852 
INFO:EDK:4130 - IPNAME: mpmc, INSTANCE:DDR2_SDRAM - tcl is overriding PARAMETER
   C_HIGHADDR_CTRL0 value to 0x00e -
   /opt/Xilinx/13.4/ISE_DS/EDK/hw/XilinxProcessorIPLib/pcores/mpmc_v6_06_a/data/
   mpmc_v2_1_0.mpd line 855 
INFO:EDK:4130 - IPNAME: mpmc, INSTANCE:DDR2_SDRAM - tcl is overriding PARAMETER
   C_BASEADDR_CTRL1 value to 0x00f -
   /opt/Xilinx/13.4/ISE_DS/EDK/hw/XilinxProcessorIPLib/pcores/mpmc_v6_06_a/data/
   mpmc_v2_1_0.mpd line 856 
INFO:EDK:4130 - IPNAME: mpmc, INSTANCE:DDR2_SDRAM - tcl is overriding PARAMETER
   C_HIGHADDR_CTRL1 value to 0x018 -
   /opt/Xilinx/13.4/ISE_DS/EDK/hw/XilinxProcessorIPLib/pcores/mpmc_v6_06_a/data/
   mpmc_v2_1_0.mpd line 857 
INFO:EDK:4130 - IPNAME: mpmc, INSTANCE:DDR2_SDRAM - tcl is overriding PARAMETER
   C_BASEADDR_CTRL2 value to 0x019 -
   /opt/Xilinx/13.4/ISE_DS/EDK/hw/XilinxProcessorIPLib/pcores/mpmc_v6_06_a/data/
   mpmc_v2_1_0.mpd line 858 
INFO:EDK:4130 - IPNAME: mpmc, INSTANCE:DDR2_SDRAM - tcl is overriding PARAMETER
   C_HIGHADDR_CTRL2 value to 0x027 -
   /opt/Xilinx/13.4/ISE_DS/EDK/hw/XilinxProcessorIPLib/pcores/mpmc_v6_06_a/data/
   mpmc_v2_1_0.mpd line 859 
INFO:EDK:4130 - IPNAME: mpmc, INSTANCE:DDR2_SDRAM - tcl is overriding PARAMETER
   C_BASEADDR_CTRL3 value to 0x028 -
   /opt/Xilinx/13.4/ISE_DS/EDK/hw/XilinxProcessorIPLib/pcores/mpmc_v6_06_a/data/
   mpmc_v2_1_0.mpd line 860 
INFO:EDK:4130 - IPNAME: mpmc, INSTANCE:DDR2_SDRAM - tcl is overriding PARAMETER
   C_HIGHADDR_CTRL3 value to 0x031 -
   /opt/Xilinx/13.4/ISE_DS/EDK/hw/XilinxProcessorIPLib/pcores/mpmc_v6_06_a/data/
   mpmc_v2_1_0.mpd line 861 
INFO:EDK:4130 - IPNAME: mpmc, INSTANCE:DDR2_SDRAM - tcl is overriding PARAMETER
   C_BASEADDR_CTRL4 value to 0x032 -
   /opt/Xilinx/13.4/ISE_DS/EDK/hw/XilinxProcessorIPLib/pcores/mpmc_v6_06_a/data/
   mpmc_v2_1_0.mpd line 862 
INFO:EDK:4130 - IPNAME: mpmc, INSTANCE:DDR2_SDRAM - tcl is overriding PARAMETER
   C_HIGHADDR_CTRL4 value to 0x040 -
   /opt/Xilinx/13.4/ISE_DS/EDK/hw/XilinxProcessorIPLib/pcores/mpmc_v6_06_a/data/
   mpmc_v2_1_0.mpd line 863 
INFO:EDK:4130 - IPNAME: mpmc, INSTANCE:DDR2_SDRAM - tcl is overriding PARAMETER
   C_BASEADDR_CTRL5 value to 0x041 -
   /opt/Xilinx/13.4/ISE_DS/EDK/hw/XilinxProcessorIPLib/pcores/mpmc_v6_06_a/data/
   mpmc_v2_1_0.mpd line 864 
INFO:EDK:4130 - IPNAME: mpmc, INSTANCE:DDR2_SDRAM - tcl is overriding PARAMETER
   C_HIGHADDR_CTRL5 value to 0x04a -
   /opt/Xilinx/13.4/ISE_DS/EDK/hw/XilinxProcessorIPLib/pcores/mpmc_v6_06_a/data/
   mpmc_v2_1_0.mpd line 865 
INFO:EDK:4130 - IPNAME: mpmc, INSTANCE:DDR2_SDRAM - tcl is overriding PARAMETER
   C_BASEADDR_CTRL6 value to 0x04b -
   /opt/Xilinx/13.4/ISE_DS/EDK/hw/XilinxProcessorIPLib/pcores/mpmc_v6_06_a/data/
   mpmc_v2_1_0.mpd line 866 
INFO:EDK:4130 - IPNAME: mpmc, INSTANCE:DDR2_SDRAM - tcl is overriding PARAMETER
   C_HIGHADDR_CTRL6 value to 0x059 -
   /opt/Xilinx/13.4/ISE_DS/EDK/hw/XilinxProcessorIPLib/pcores/mpmc_v6_06_a/data/
   mpmc_v2_1_0.mpd line 867 
INFO:EDK:4130 - IPNAME: mpmc, INSTANCE:DDR2_SDRAM - tcl is overriding PARAMETER
   C_BASEADDR_CTRL7 value to 0x05a -
   /opt/Xilinx/13.4/ISE_DS/EDK/hw/XilinxProcessorIPLib/pcores/mpmc_v6_06_a/data/
   mpmc_v2_1_0.mpd line 868 
INFO:EDK:4130 - IPNAME: mpmc, INSTANCE:DDR2_SDRAM - tcl is overriding PARAMETER
   C_HIGHADDR_CTRL7 value to 0x063 -
   /opt/Xilinx/13.4/ISE_DS/EDK/hw/XilinxProcessorIPLib/pcores/mpmc_v6_06_a/data/
   mpmc_v2_1_0.mpd line 869 
INFO:EDK:4130 - IPNAME: mpmc, INSTANCE:DDR2_SDRAM - tcl is overriding PARAMETER
   C_BASEADDR_CTRL8 value to 0x064 -
   /opt/Xilinx/13.4/ISE_DS/EDK/hw/XilinxProcessorIPLib/pcores/mpmc_v6_06_a/data/
   mpmc_v2_1_0.mpd line 870 
INFO:EDK:4130 - IPNAME: mpmc, INSTANCE:DDR2_SDRAM - tcl is overriding PARAMETER
   C_HIGHADDR_CTRL8 value to 0x074 -
   /opt/Xilinx/13.4/ISE_DS/EDK/hw/XilinxProcessorIPLib/pcores/mpmc_v6_06_a/data/
   mpmc_v2_1_0.mpd line 871 
INFO:EDK:4130 - IPNAME: mpmc, INSTANCE:DDR2_SDRAM - tcl is overriding PARAMETER
   C_BASEADDR_CTRL9 value to 0x075 -
   /opt/Xilinx/13.4/ISE_DS/EDK/hw/XilinxProcessorIPLib/pcores/mpmc_v6_06_a/data/
   mpmc_v2_1_0.mpd line 872 
INFO:EDK:4130 - IPNAME: mpmc, INSTANCE:DDR2_SDRAM - tcl is overriding PARAMETER
   C_HIGHADDR_CTRL9 value to 0x07f -
   /opt/Xilinx/13.4/ISE_DS/EDK/hw/XilinxProcessorIPLib/pcores/mpmc_v6_06_a/data/
   mpmc_v2_1_0.mpd line 873 
INFO:EDK:4130 - IPNAME: mpmc, INSTANCE:DDR2_SDRAM - tcl is overriding PARAMETER
   C_BASEADDR_CTRL10 value to 0x080 -
   /opt/Xilinx/13.4/ISE_DS/EDK/hw/XilinxProcessorIPLib/pcores/mpmc_v6_06_a/data/
   mpmc_v2_1_0.mpd line 874 
INFO:EDK:4130 - IPNAME: mpmc, INSTANCE:DDR2_SDRAM - tcl is overriding PARAMETER
   C_HIGHADDR_CTRL10 value to 0x094 -
   /opt/Xilinx/13.4/ISE_DS/EDK/hw/XilinxProcessorIPLib/pcores/mpmc_v6_06_a/data/
   mpmc_v2_1_0.mpd line 875 
INFO:EDK:4130 - IPNAME: mpmc, INSTANCE:DDR2_SDRAM - tcl is overriding PARAMETER
   C_BASEADDR_CTRL11 value to 0x095 -
   /opt/Xilinx/13.4/ISE_DS/EDK/hw/XilinxProcessorIPLib/pcores/mpmc_v6_06_a/data/
   mpmc_v2_1_0.mpd line 876 
INFO:EDK:4130 - IPNAME: mpmc, INSTANCE:DDR2_SDRAM - tcl is overriding PARAMETER
   C_HIGHADDR_CTRL11 value to 0x0a3 -
   /opt/Xilinx/13.4/ISE_DS/EDK/hw/XilinxProcessorIPLib/pcores/mpmc_v6_06_a/data/
   mpmc_v2_1_0.mpd line 877 
INFO:EDK:4130 - IPNAME: mpmc, INSTANCE:DDR2_SDRAM - tcl is overriding PARAMETER
   C_BASEADDR_CTRL12 value to 0x0a4 -
   /opt/Xilinx/13.4/ISE_DS/EDK/hw/XilinxProcessorIPLib/pcores/mpmc_v6_06_a/data/
   mpmc_v2_1_0.mpd line 878 
INFO:EDK:4130 - IPNAME: mpmc, INSTANCE:DDR2_SDRAM - tcl is overriding PARAMETER
   C_HIGHADDR_CTRL12 value to 0x0b8 -
   /opt/Xilinx/13.4/ISE_DS/EDK/hw/XilinxProcessorIPLib/pcores/mpmc_v6_06_a/data/
   mpmc_v2_1_0.mpd line 879 
INFO:EDK:4130 - IPNAME: mpmc, INSTANCE:DDR2_SDRAM - tcl is overriding PARAMETER
   C_BASEADDR_CTRL13 value to 0x0b9 -
   /opt/Xilinx/13.4/ISE_DS/EDK/hw/XilinxProcessorIPLib/pcores/mpmc_v6_06_a/data/
   mpmc_v2_1_0.mpd line 880 
INFO:EDK:4130 - IPNAME: mpmc, INSTANCE:DDR2_SDRAM - tcl is overriding PARAMETER
   C_HIGHADDR_CTRL13 value to 0x0c7 -
   /opt/Xilinx/13.4/ISE_DS/EDK/hw/XilinxProcessorIPLib/pcores/mpmc_v6_06_a/data/
   mpmc_v2_1_0.mpd line 881 
INFO:EDK:4130 - IPNAME: mpmc, INSTANCE:DDR2_SDRAM - tcl is overriding PARAMETER
   C_BASEADDR_CTRL14 value to 0x0c8 -
   /opt/Xilinx/13.4/ISE_DS/EDK/hw/XilinxProcessorIPLib/pcores/mpmc_v6_06_a/data/
   mpmc_v2_1_0.mpd line 882 
INFO:EDK:4130 - IPNAME: mpmc, INSTANCE:DDR2_SDRAM - tcl is overriding PARAMETER
   C_HIGHADDR_CTRL14 value to 0x0db -
   /opt/Xilinx/13.4/ISE_DS/EDK/hw/XilinxProcessorIPLib/pcores/mpmc_v6_06_a/data/
   mpmc_v2_1_0.mpd line 883 
INFO:EDK:4130 - IPNAME: mpmc, INSTANCE:DDR2_SDRAM - tcl is overriding PARAMETER
   C_BASEADDR_CTRL15 value to 0x0dc -
   /opt/Xilinx/13.4/ISE_DS/EDK/hw/XilinxProcessorIPLib/pcores/mpmc_v6_06_a/data/
   mpmc_v2_1_0.mpd line 884 
INFO:EDK:4130 - IPNAME: mpmc, INSTANCE:DDR2_SDRAM - tcl is overriding PARAMETER
   C_HIGHADDR_CTRL15 value to 0x0dd -
   /opt/Xilinx/13.4/ISE_DS/EDK/hw/XilinxProcessorIPLib/pcores/mpmc_v6_06_a/data/
   mpmc_v2_1_0.mpd line 885 
INFO:EDK:4130 - IPNAME: mpmc, INSTANCE:DDR2_SDRAM - tcl is overriding PARAMETER
   C_CTRL_BRAM_INIT_1B value to
   0x000002FC000002FC0000001C0000001C0000001C0000001C0000001C0000001C -
   /opt/Xilinx/13.4/ISE_DS/EDK/hw/XilinxProcessorIPLib/pcores/mpmc_v6_06_a/data/
   mpmc_v2_1_0.mpd line 924 
INFO:EDK:4130 - IPNAME: mpmc, INSTANCE:DDR2_SDRAM - tcl is overriding PARAMETER
   C_CTRL_BRAM_INIT_1A value to
   0x0000001C0000001D0000001C0000001C0000001C0000001C0000001C0000001C -
   /opt/Xilinx/13.4/ISE_DS/EDK/hw/XilinxProcessorIPLib/pcores/mpmc_v6_06_a/data/
   mpmc_v2_1_0.mpd line 925 
INFO:EDK:4130 - IPNAME: mpmc, INSTANCE:DDR2_SDRAM - tcl is overriding PARAMETER
   C_CTRL_BRAM_INIT_19 value to
   0x0000001C0000001C0000001C000000100000001C0000001C0000001C00004008 -
   /opt/Xilinx/13.4/ISE_DS/EDK/hw/XilinxProcessorIPLib/pcores/mpmc_v6_06_a/data/
   mpmc_v2_1_0.mpd line 926 
INFO:EDK:4130 - IPNAME: mpmc, INSTANCE:DDR2_SDRAM - tcl is overriding PARAMETER
   C_CTRL_BRAM_INIT_18 value to
   0x0000001C0000001C0000001C000040080000001C000024150000041C00002414 -
   /opt/Xilinx/13.4/ISE_DS/EDK/hw/XilinxProcessorIPLib/pcores/mpmc_v6_06_a/data/
   mpmc_v2_1_0.mpd line 927 
INFO:EDK:4130 - IPNAME: mpmc, INSTANCE:DDR2_SDRAM - tcl is overriding PARAMETER
   C_CTRL_BRAM_INIT_17 value to
   0x0000041C000024140002041C000024140000141C0000001C000080180000001E -
   /opt/Xilinx/13.4/ISE_DS/EDK/hw/XilinxProcessorIPLib/pcores/mpmc_v6_06_a/data/
   mpmc_v2_1_0.mpd line 928 
INFO:EDK:4130 - IPNAME: mpmc, INSTANCE:DDR2_SDRAM - tcl is overriding PARAMETER
   C_CTRL_BRAM_INIT_16 value to
   0x0000001E0000001E0000001E0000400A0000001F0000001E0000001E0000001E -
   /opt/Xilinx/13.4/ISE_DS/EDK/hw/XilinxProcessorIPLib/pcores/mpmc_v6_06_a/data/
   mpmc_v2_1_0.mpd line 929 
INFO:EDK:4130 - IPNAME: mpmc, INSTANCE:DDR2_SDRAM - tcl is overriding PARAMETER
   C_CTRL_BRAM_INIT_15 value to
   0x0000201E0000001E000020060000011E000021060000011E000021060002011E -
   /opt/Xilinx/13.4/ISE_DS/EDK/hw/XilinxProcessorIPLib/pcores/mpmc_v6_06_a/data/
   mpmc_v2_1_0.mpd line 930 
INFO:EDK:4130 - IPNAME: mpmc, INSTANCE:DDR2_SDRAM - tcl is overriding PARAMETER
   C_CTRL_BRAM_INIT_14 value to
   0x000021060000111E0000011E0000801A0000001C0000001C0000001C00004008 -
   /opt/Xilinx/13.4/ISE_DS/EDK/hw/XilinxProcessorIPLib/pcores/mpmc_v6_06_a/data/
   mpmc_v2_1_0.mpd line 931 
INFO:EDK:4130 - IPNAME: mpmc, INSTANCE:DDR2_SDRAM - tcl is overriding PARAMETER
   C_CTRL_BRAM_INIT_13 value to
   0x0000001C000024150000041C000024140000041C000024140002041C00002414 -
   /opt/Xilinx/13.4/ISE_DS/EDK/hw/XilinxProcessorIPLib/pcores/mpmc_v6_06_a/data/
   mpmc_v2_1_0.mpd line 932 
INFO:EDK:4130 - IPNAME: mpmc, INSTANCE:DDR2_SDRAM - tcl is overriding PARAMETER
   C_CTRL_BRAM_INIT_12 value to
   0x0000141C0000001C000080180000001E0000001E0000001E0000001E0000400A -
   /opt/Xilinx/13.4/ISE_DS/EDK/hw/XilinxProcessorIPLib/pcores/mpmc_v6_06_a/data/
   mpmc_v2_1_0.mpd line 933 
INFO:EDK:4130 - IPNAME: mpmc, INSTANCE:DDR2_SDRAM - tcl is overriding PARAMETER
   C_CTRL_BRAM_INIT_11 value to
   0x0000001F0000001E0000001E0000001E0000201E0000001E000020060000011E -
   /opt/Xilinx/13.4/ISE_DS/EDK/hw/XilinxProcessorIPLib/pcores/mpmc_v6_06_a/data/
   mpmc_v2_1_0.mpd line 934 
INFO:EDK:4130 - IPNAME: mpmc, INSTANCE:DDR2_SDRAM - tcl is overriding PARAMETER
   C_CTRL_BRAM_INIT_10 value to
   0x000021060000011E000021060002011E000021060000111E0000011E0000801A -
   /opt/Xilinx/13.4/ISE_DS/EDK/hw/XilinxProcessorIPLib/pcores/mpmc_v6_06_a/data/
   mpmc_v2_1_0.mpd line 935 
INFO:EDK:4130 - IPNAME: mpmc, INSTANCE:DDR2_SDRAM - tcl is overriding PARAMETER
   C_CTRL_BRAM_INIT_0F value to
   0x0000001C0000001C0000001C000040080000001C000024150000041C00002414 -
   /opt/Xilinx/13.4/ISE_DS/EDK/hw/XilinxProcessorIPLib/pcores/mpmc_v6_06_a/data/
   mpmc_v2_1_0.mpd line 936 
INFO:EDK:4130 - IPNAME: mpmc, INSTANCE:DDR2_SDRAM - tcl is overriding PARAMETER
   C_CTRL_BRAM_INIT_0E value to
   0x0000141C0000001C000080180000001E0000001E0000001E0000001E0000400A -
   /opt/Xilinx/13.4/ISE_DS/EDK/hw/XilinxProcessorIPLib/pcores/mpmc_v6_06_a/data/
   mpmc_v2_1_0.mpd line 937 
INFO:EDK:4130 - IPNAME: mpmc, INSTANCE:DDR2_SDRAM - tcl is overriding PARAMETER
   C_CTRL_BRAM_INIT_0D value to
   0x0000001F0000001E0000001E0000001E0000201E0000001E000020060000011E -
   /opt/Xilinx/13.4/ISE_DS/EDK/hw/XilinxProcessorIPLib/pcores/mpmc_v6_06_a/data/
   mpmc_v2_1_0.mpd line 938 
INFO:EDK:4130 - IPNAME: mpmc, INSTANCE:DDR2_SDRAM - tcl is overriding PARAMETER
   C_CTRL_BRAM_INIT_0C value to
   0x000021060000111E0000011E0000801A0000001C0000001C0000001C00004008 -
   /opt/Xilinx/13.4/ISE_DS/EDK/hw/XilinxProcessorIPLib/pcores/mpmc_v6_06_a/data/
   mpmc_v2_1_0.mpd line 939 
INFO:EDK:4130 - IPNAME: mpmc, INSTANCE:DDR2_SDRAM - tcl is overriding PARAMETER
   C_CTRL_BRAM_INIT_0B value to
   0x0000001C0000001D000024140000141C0000001C000080180000001E0000001E -
   /opt/Xilinx/13.4/ISE_DS/EDK/hw/XilinxProcessorIPLib/pcores/mpmc_v6_06_a/data/
   mpmc_v2_1_0.mpd line 940 
INFO:EDK:4130 - IPNAME: mpmc, INSTANCE:DDR2_SDRAM - tcl is overriding PARAMETER
   C_CTRL_BRAM_INIT_0A value to
   0x0000001E0000001E0000400A0000001F0000001E0000001E0000001E0000201E -
   /opt/Xilinx/13.4/ISE_DS/EDK/hw/XilinxProcessorIPLib/pcores/mpmc_v6_06_a/data/
   mpmc_v2_1_0.mpd line 941 
INFO:EDK:4130 - IPNAME: mpmc, INSTANCE:DDR2_SDRAM - tcl is overriding PARAMETER
   C_CTRL_BRAM_INIT_09 value to
   0x0000001E000020060000111E0000011E0000801A0000001C0000001C0000001C -
   /opt/Xilinx/13.4/ISE_DS/EDK/hw/XilinxProcessorIPLib/pcores/mpmc_v6_06_a/data/
   mpmc_v2_1_0.mpd line 942 
INFO:EDK:4130 - IPNAME: mpmc, INSTANCE:DDR2_SDRAM - tcl is overriding PARAMETER
   C_CTRL_BRAM_INIT_08 value to
   0x000040080000001C0000001D000020140000141C0000001C000080180000001E -
   /opt/Xilinx/13.4/ISE_DS/EDK/hw/XilinxProcessorIPLib/pcores/mpmc_v6_06_a/data/
   mpmc_v2_1_0.mpd line 943 
INFO:EDK:4130 - IPNAME: mpmc, INSTANCE:DDR2_SDRAM - tcl is overriding PARAMETER
   C_CTRL_BRAM_INIT_07 value to
   0x0000001E0000001E0000001E0000400A0000001F0000001E0000001E0000001E -
   /opt/Xilinx/13.4/ISE_DS/EDK/hw/XilinxProcessorIPLib/pcores/mpmc_v6_06_a/data/
   mpmc_v2_1_0.mpd line 944 
INFO:EDK:4130 - IPNAME: mpmc, INSTANCE:DDR2_SDRAM - tcl is overriding PARAMETER
   C_CTRL_BRAM_INIT_06 value to
   0x0000001E0000001E000020060001111E0000011E0000801A0000001C0000001C -
   /opt/Xilinx/13.4/ISE_DS/EDK/hw/XilinxProcessorIPLib/pcores/mpmc_v6_06_a/data/
   mpmc_v2_1_0.mpd line 945 
INFO:EDK:4130 - IPNAME: mpmc, INSTANCE:DDR2_SDRAM - tcl is overriding PARAMETER
   C_CTRL_BRAM_INIT_05 value to
   0x0000001C000040080000001C0000001D000020140000141C0000001C00008018 -
   /opt/Xilinx/13.4/ISE_DS/EDK/hw/XilinxProcessorIPLib/pcores/mpmc_v6_06_a/data/
   mpmc_v2_1_0.mpd line 946 
INFO:EDK:4130 - IPNAME: mpmc, INSTANCE:DDR2_SDRAM - tcl is overriding PARAMETER
   C_CTRL_BRAM_INIT_04 value to
   0x0000001E0000001E0000001E0000001E0000400A0000001F0000001E0000001E -
   /opt/Xilinx/13.4/ISE_DS/EDK/hw/XilinxProcessorIPLib/pcores/mpmc_v6_06_a/data/
   mpmc_v2_1_0.mpd line 947 
INFO:EDK:4130 - IPNAME: mpmc, INSTANCE:DDR2_SDRAM - tcl is overriding PARAMETER
   C_CTRL_BRAM_INIT_03 value to
   0x0000001E0000001E0000001E000020060001111E0000011E0000801A0000001C -
   /opt/Xilinx/13.4/ISE_DS/EDK/hw/XilinxProcessorIPLib/pcores/mpmc_v6_06_a/data/
   mpmc_v2_1_0.mpd line 948 
INFO:EDK:4130 - IPNAME: mpmc, INSTANCE:DDR2_SDRAM - tcl is overriding PARAMETER
   C_CTRL_BRAM_INIT_02 value to
   0x0000001C0000001C000040080000001C0000001D000020140000141C0000001C -
   /opt/Xilinx/13.4/ISE_DS/EDK/hw/XilinxProcessorIPLib/pcores/mpmc_v6_06_a/data/
   mpmc_v2_1_0.mpd line 949 
INFO:EDK:4130 - IPNAME: mpmc, INSTANCE:DDR2_SDRAM - tcl is overriding PARAMETER
   C_CTRL_BRAM_INIT_01 value to
   0x000080180000001E0000001E0000001E0000001E0000400A0000001F0000001E -
   /opt/Xilinx/13.4/ISE_DS/EDK/hw/XilinxProcessorIPLib/pcores/mpmc_v6_06_a/data/
   mpmc_v2_1_0.mpd line 950 
INFO:EDK:4130 - IPNAME: mpmc, INSTANCE:DDR2_SDRAM - tcl is overriding PARAMETER
   C_CTRL_BRAM_INIT_00 value to
   0x0000001E0000001E0000001E0000001E000020060001111E0000011E0000801A -
   /opt/Xilinx/13.4/ISE_DS/EDK/hw/XilinxProcessorIPLib/pcores/mpmc_v6_06_a/data/
   mpmc_v2_1_0.mpd line 951 
INFO:EDK:4130 - IPNAME: mpmc, INSTANCE:DDR2_SDRAM - tcl is overriding PARAMETER
   C_CTRL_BRAM_INITP_03 value to
   0x0000000000000000000000000000000000000000000000000000000000000000 -
   /opt/Xilinx/13.4/ISE_DS/EDK/hw/XilinxProcessorIPLib/pcores/mpmc_v6_06_a/data/
   mpmc_v2_1_0.mpd line 957 
INFO:EDK:4130 - IPNAME: mpmc, INSTANCE:DDR2_SDRAM - tcl is overriding PARAMETER
   C_CTRL_BRAM_INITP_02 value to
   0x0000000000000000000000000000000000000000000000000000000000000000 -
   /opt/Xilinx/13.4/ISE_DS/EDK/hw/XilinxProcessorIPLib/pcores/mpmc_v6_06_a/data/
   mpmc_v2_1_0.mpd line 958 
INFO:EDK:4130 - IPNAME: mpmc, INSTANCE:DDR2_SDRAM - tcl is overriding PARAMETER
   C_CTRL_BRAM_INITP_01 value to
   0x0000000000000000000000000000000000000000000000000000000000000000 -
   /opt/Xilinx/13.4/ISE_DS/EDK/hw/XilinxProcessorIPLib/pcores/mpmc_v6_06_a/data/
   mpmc_v2_1_0.mpd line 959 
INFO:EDK:4130 - IPNAME: mpmc, INSTANCE:DDR2_SDRAM - tcl is overriding PARAMETER
   C_CTRL_BRAM_INITP_00 value to
   0x0000000000000000000000000000000000000000000000000000000000000000 -
   /opt/Xilinx/13.4/ISE_DS/EDK/hw/XilinxProcessorIPLib/pcores/mpmc_v6_06_a/data/
   mpmc_v2_1_0.mpd line 960 
INFO:EDK:4130 - IPNAME: jtagppc_cntlr, INSTANCE:jtagppc_cntlr_inst - tcl is
   overriding PARAMETER C_NUM_PPC_USED value to 1 -
   /opt/Xilinx/13.4/ISE_DS/EDK/hw/XilinxProcessorIPLib/pcores/jtagppc_cntlr_v2_0
   1_c/data/jtagppc_cntlr_v2_1_0.mpd line 77 
INFO:EDK:4130 - IPNAME: xps_intc, INSTANCE:xps_intc_0 - tcl is overriding
   PARAMETER C_NUM_INTR_INPUTS value to 3 -
   /opt/Xilinx/13.4/ISE_DS/EDK/hw/XilinxProcessorIPLib/pcores/xps_intc_v2_01_a/d
   ata/xps_intc_v2_1_0.mpd line 86 
INFO:EDK:4130 - IPNAME: xps_intc, INSTANCE:xps_intc_0 - tcl is overriding
   PARAMETER C_KIND_OF_INTR value to 0b11111111111111111111111111111011 -
   /opt/Xilinx/13.4/ISE_DS/EDK/hw/XilinxProcessorIPLib/pcores/xps_intc_v2_01_a/d
   ata/xps_intc_v2_1_0.mpd line 87 
INFO:EDK:4130 - IPNAME: xps_intc, INSTANCE:xps_intc_0 - tcl is overriding
   PARAMETER C_KIND_OF_EDGE value to 0b11111111111111111111111111111111 -
   /opt/Xilinx/13.4/ISE_DS/EDK/hw/XilinxProcessorIPLib/pcores/xps_intc_v2_01_a/d
   ata/xps_intc_v2_1_0.mpd line 88 
INFO:EDK:4130 - IPNAME: xps_intc, INSTANCE:xps_intc_0 - tcl is overriding
   PARAMETER C_KIND_OF_LVL value to 0b11111111111111111111111111111111 -
   /opt/Xilinx/13.4/ISE_DS/EDK/hw/XilinxProcessorIPLib/pcores/xps_intc_v2_01_a/d
   ata/xps_intc_v2_1_0.mpd line 89 

Running system level update procedures...

Running UPDATE Tcl procedures for OPTION SYSLEVEL_UPDATE_PROC...

Running system level DRCs...

Performing System level DRCs on properties...

Running DRC Tcl procedures for OPTION SYSLEVEL_DRC_PROC...
Port present in hardorb_fpga_0

Running UPDATE Tcl procedures for OPTION PLATGEN_SYSLEVEL_UPDATE_PROC...
INFO: The DDR2_SDRAM core has constraints automatically generated by XPS in
implementation/ddr2_sdram_wrapper/ddr2_sdram_wrapper.ucf.
It can be overridden by constraints placed in the system.ucf file.

INFO: The hardorb_fpga_0 core has constraints automatically generated by XPS in
implementation/hardorb_fpga_0_wrapper/hardorb_fpga_0_wrapper.ucf.
It can be overridden by constraints placed in the system.ucf file.


Modify defaults ...

Creating stub ...

Processing licensed instances ...
Completion time: 0.00 seconds

Creating hardware output directories ...

Managing hardware (BBD-specified) netlist files ...
IPNAME:hardorb_fpga INSTANCE:hardorb_fpga_0 -
/home/jupiter/Desktop/Intrusion_and_Botnet_Detection_Virtex5/system.mhs line 229
- Copying (BBD-specified) netlist files.

Managing cache ...

Elaborating instances ...
IPNAME:bram_block INSTANCE:xps_bram_if_cntlr_1_bram -
/home/jupiter/Desktop/Intrusion_and_Botnet_Detection_Virtex5/system.mhs line 95
- elaborating IP
IPNAME:clock_generator INSTANCE:clock_generator_0 -
/home/jupiter/Desktop/Intrusion_and_Botnet_Detection_Virtex5/system.mhs line 160
- elaborating IP
ClkGen elaborate status: PASSED
----------------------------------------

Writing HDL for elaborated instances ...

Inserting wrapper level ...
Completion time: 1.00 seconds

Constructing platform-level connectivity ...
Completion time: 0.00 seconds

Writing (top-level) BMM ...

Writing (top-level and wrappers) HDL ...

Generating synthesis project file ...

Running XST synthesis ...

INFO:EDK:4211 - The following instances are synthesized with XST. The MPD option
   IMP_NETLIST=TRUE indicates that a NGC file is to be produced using XST
   synthesis. IMP_NETLIST=FALSE (default) instances are not synthesized. 
INSTANCE:ppc440_0 -
/home/jupiter/Desktop/Intrusion_and_Botnet_Detection_Virtex5/system.mhs line 52
- Running XST synthesis
INSTANCE:plb -
/home/jupiter/Desktop/Intrusion_and_Botnet_Detection_Virtex5/system.mhs line 75
- Running XST synthesis
INSTANCE:xps_bram_if_cntlr_1 -
/home/jupiter/Desktop/Intrusion_and_Botnet_Detection_Virtex5/system.mhs line 83
- Running XST synthesis
INSTANCE:xps_bram_if_cntlr_1_bram -
/home/jupiter/Desktop/Intrusion_and_Botnet_Detection_Virtex5/system.mhs line 95
- Running XST synthesis
INSTANCE:rs232_uart_1 -
/home/jupiter/Desktop/Intrusion_and_Botnet_Detection_Virtex5/system.mhs line 101
- Running XST synthesis
INSTANCE:ddr2_sdram -
/home/jupiter/Desktop/Intrusion_and_Botnet_Detection_Virtex5/system.mhs line 116
- Running XST synthesis
INSTANCE:clock_generator_0 -
/home/jupiter/Desktop/Intrusion_and_Botnet_Detection_Virtex5/system.mhs line 160
- Running XST synthesis
INSTANCE:jtagppc_cntlr_inst -
/home/jupiter/Desktop/Intrusion_and_Botnet_Detection_Virtex5/system.mhs line 200
- Running XST synthesis
INSTANCE:proc_sys_reset_0 -
/home/jupiter/Desktop/Intrusion_and_Botnet_Detection_Virtex5/system.mhs line 207
- Running XST synthesis
INSTANCE:xps_intc_0 -
/home/jupiter/Desktop/Intrusion_and_Botnet_Detection_Virtex5/system.mhs line 219
- Running XST synthesis
INSTANCE:hardorb_fpga_0 -
/home/jupiter/Desktop/Intrusion_and_Botnet_Detection_Virtex5/system.mhs line 229
- Running XST synthesis
INSTANCE:measurtool_0 -
/home/jupiter/Desktop/Intrusion_and_Botnet_Detection_Virtex5/system.mhs line 269
- Running XST synthesis

Running NGCBUILD ...
IPNAME:ppc440_0_wrapper INSTANCE:ppc440_0 -
/home/jupiter/Desktop/Intrusion_and_Botnet_Detection_Virtex5/system.mhs line 52
- Running NGCBUILD
IPNAME:ddr2_sdram_wrapper INSTANCE:ddr2_sdram -
/home/jupiter/Desktop/Intrusion_and_Botnet_Detection_Virtex5/system.mhs line 116
- Running NGCBUILD
IPNAME:clock_generator_0_wrapper INSTANCE:clock_generator_0 -
/home/jupiter/Desktop/Intrusion_and_Botnet_Detection_Virtex5/system.mhs line 160
- Running NGCBUILD
IPNAME:xps_intc_0_wrapper INSTANCE:xps_intc_0 -
/home/jupiter/Desktop/Intrusion_and_Botnet_Detection_Virtex5/system.mhs line 219
- Running NGCBUILD
IPNAME:hardorb_fpga_0_wrapper INSTANCE:hardorb_fpga_0 -
/home/jupiter/Desktop/Intrusion_and_Botnet_Detection_Virtex5/system.mhs line 229
- Running NGCBUILD
INFO:EDK:3509 - NCF files should not be modified as they will be regenerated.
   If any constraint needs to be overridden, this should be done by modifying
   the data/system.ucf file.

Rebuilding cache ...

Total run time: 1691.00 seconds
